oschinaandroidapp/build/outputs/logs/manifest-merger-debug-report.txt
-- Merging decision tree log ---
manifest
ADDED from src\main\AndroidManifest.xml:2:1-53:12
	package
		ADDED from src\main\AndroidManifest.xml:3:7-32
		INJECTED from src\main\AndroidManifest.xml
		INJECTED from src\main\AndroidManifest.xml
	android:versionName
		ADDED from src\main\AndroidManifest.xml:5:7-34
		INJECTED from src\main\AndroidManifest.xml
		INJECTED from src\main\AndroidManifest.xml
	android:versionCode
		ADDED from src\main\AndroidManifest.xml:4:7-31
		INJECTED from src\main\AndroidManifest.xml
		INJECTED from src\main\AndroidManifest.xml
	xmlns:android
		ADDED from src\main\AndroidManifest.xml:2:11-69
uses-sdk
ADDED from src\main\AndroidManifest.xml:6:5-43
	android:targetSdkVersion
		INJECTED from src\main\AndroidManifest.xml
		INJECTED from src\main\AndroidManifest.xml
	android:minSdkVersion
		ADDED from src\main\AndroidManifest.xml:6:15-40
		INJECTED from src\main\AndroidManifest.xml
		INJECTED from src\main\AndroidManifest.xml
application
ADDED from src\main\AndroidManifest.xml:8:5-45:19
	android:label
		ADDED from src\main\AndroidManifest.xml:8:75-107
	android:icon
		ADDED from src\main\AndroidManifest.xml:8:45-74
	android:name
		ADDED from src\main\AndroidManifest.xml:8:18-44
activity#net.oschina.app.AppStart
ADDED from src\main\AndroidManifest.xml:9:9-14:20
	android:screenOrientation
		ADDED from src\main\AndroidManifest.xml:9:103-139
	android:theme
		ADDED from src\main\AndroidManifest.xml:9:44-102
	android:name
		ADDED from src\main\AndroidManifest.xml:9:19-43
intent-filter#android.intent.action.MAIN+android.intent.category.LAUNCHER
ADDED from src\main\AndroidManifest.xml:10:13-13:29
action#android.intent.action.MAIN
ADDED from src\main\AndroidManifest.xml:11:17-69
	android:name
		ADDED from src\main\AndroidManifest.xml:11:25-66
category#android.intent.category.LAUNCHER
ADDED from src\main\AndroidManifest.xml:12:17-77
	android:name
		ADDED from src\main\AndroidManifest.xml:12:27-74
activity#net.oschina.app.ui.About
ADDED from src\main\AndroidManifest.xml:15:3-198
	android:screenOrientation
		ADDED from src\main\AndroidManifest.xml:15:77-113
	android:launchMode
		ADDED from src\main\AndroidManifest.xml:15:165-196
	android:configChanges
		ADDED from src\main\AndroidManifest.xml:15:114-164
	android:theme
		ADDED from src\main\AndroidManifest.xml:15:38-76
	android:name
		ADDED from src\main\AndroidManifest.xml:15:13-37
activity#net.oschina.app.ui.FeedBack
ADDED from src\main\AndroidManifest.xml:16:3-268
	android:screenOrientation
		ADDED from src\main\AndroidManifest.xml:16:86-122
	android:launchMode
		ADDED from src\main\AndroidManifest.xml:16:174-205
	android:windowSoftInputMode
		ADDED from src\main\AndroidManifest.xml:16:206-266
	android:configChanges
		ADDED from src\main\AndroidManifest.xml:16:123-173
	android:theme
		ADDED from src\main\AndroidManifest.xml:16:41-85
	android:name
		ADDED from src\main\AndroidManifest.xml:16:13-40
activity#net.oschina.app.ui.Main
ADDED from src\main\AndroidManifest.xml:17:3-198
	android:screenOrientation
		ADDED from src\main\AndroidManifest.xml:17:77-113
	android:launchMode
		ADDED from src\main\AndroidManifest.xml:17:165-196
	android:configChanges
		ADDED from src\main\AndroidManifest.xml:17:114-164
	android:theme
		ADDED from src\main\AndroidManifest.xml:17:37-76
	android:name
		ADDED from src\main\AndroidManifest.xml:17:13-36
activity#net.oschina.app.ui.LoginDialog
ADDED from src\main\AndroidManifest.xml:18:3-271
	android:screenOrientation
		ADDED from src\main\AndroidManifest.xml:18:89-125
	android:launchMode
		ADDED from src\main\AndroidManifest.xml:18:177-208
	android:windowSoftInputMode
		ADDED from src\main\AndroidManifest.xml:18:209-269
	android:configChanges
		ADDED from src\main\AndroidManifest.xml:18:126-176
	android:theme
		ADDED from src\main\AndroidManifest.xml:18:44-88
	android:name
		ADDED from src\main\AndroidManifest.xml:18:13-43
activity#net.oschina.app.ui.NewsDetail
ADDED from src\main\AndroidManifest.xml:19:3-170
	android:screenOrientation
		ADDED from src\main\AndroidManifest.xml:19:81-117
	android:configChanges
		ADDED from src\main\AndroidManifest.xml:19:118-168
	android:theme
		ADDED from src\main\AndroidManifest.xml:19:43-80
	android:name
		ADDED from src\main\AndroidManifest.xml:19:13-42
activity#net.oschina.app.ui.SoftwareLib
ADDED from src\main\AndroidManifest.xml:20:3-204
	android:screenOrientation
		ADDED from src\main\AndroidManifest.xml:20:83-119
	android:launchMode
		ADDED from src\main\AndroidManifest.xml:20:171-202
	android:configChanges
		ADDED from src\main\AndroidManifest.xml:20:120-170
	android:theme
		ADDED from src\main\AndroidManifest.xml:20:44-82
	android:name
		ADDED from src\main\AndroidManifest.xml:20:13-43
activity#net.oschina.app.ui.SoftwareDetail
ADDED from src\main\AndroidManifest.xml:21:3-174
	android:screenOrientation
		ADDED from src\main\AndroidManifest.xml:21:85-121
	android:configChanges
		ADDED from src\main\AndroidManifest.xml:21:122-172
	android:theme
		ADDED from src\main\AndroidManifest.xml:21:47-84
	android:name
		ADDED from src\main\AndroidManifest.xml:21:13-46
activity#net.oschina.app.ui.BlogDetail
ADDED from src\main\AndroidManifest.xml:22:3-170
	android:screenOrientation
		ADDED from src\main\AndroidManifest.xml:22:81-117
	android:configChanges
		ADDED from src\main\AndroidManifest.xml:22:118-168
	android:theme
		ADDED from src\main\AndroidManifest.xml:22:43-80
	android:name
		ADDED from src\main\AndroidManifest.xml:22:13-42
activity#net.oschina.app.ui.QuestionTag
ADDED from src\main\AndroidManifest.xml:23:3-171
	android:screenOrientation
		ADDED from src\main\AndroidManifest.xml:23:82-118
	android:configChanges
		ADDED from src\main\AndroidManifest.xml:23:119-169
	android:theme
		ADDED from src\main\AndroidManifest.xml:23:44-81
	android:name
		ADDED from src\main\AndroidManifest.xml:23:13-43
activity#net.oschina.app.ui.QuestionDetail
ADDED from src\main\AndroidManifest.xml:24:3-174
	android:screenOrientation
		ADDED from src\main\AndroidManifest.xml:24:85-121
	android:configChanges
		ADDED from src\main\AndroidManifest.xml:24:122-172
	android:theme
		ADDED from src\main\AndroidManifest.xml:24:47-84
	android:name
		ADDED from src\main\AndroidManifest.xml:24:13-46
activity#net.oschina.app.ui.QuestionPub
ADDED from src\main\AndroidManifest.xml:25:3-228
	android:screenOrientation
		ADDED from src\main\AndroidManifest.xml:25:83-119
	android:windowSoftInputMode
		ADDED from src\main\AndroidManifest.xml:25:171-226
	android:configChanges
		ADDED from src\main\AndroidManifest.xml:25:120-170
	android:theme
		ADDED from src\main\AndroidManifest.xml:25:44-82
	android:name
		ADDED from src\main\AndroidManifest.xml:25:13-43
activity#net.oschina.app.ui.TweetDetail
ADDED from src\main\AndroidManifest.xml:26:3-171
	android:screenOrientation
		ADDED from src\main\AndroidManifest.xml:26:82-118
	android:configChanges
		ADDED from src\main\AndroidManifest.xml:26:119-169
	android:theme
		ADDED from src\main\AndroidManifest.xml:26:44-81
	android:name
		ADDED from src\main\AndroidManifest.xml:26:13-43
activity#net.oschina.app.ui.TweetPub
ADDED from src\main\AndroidManifest.xml:27:3-225
	android:screenOrientation
		ADDED from src\main\AndroidManifest.xml:27:80-116
	android:windowSoftInputMode
		ADDED from src\main\AndroidManifest.xml:27:168-223
	android:configChanges
		ADDED from src\main\AndroidManifest.xml:27:117-167
	android:theme
		ADDED from src\main\AndroidManifest.xml:27:41-79
	android:name
		ADDED from src\main\AndroidManifest.xml:27:13-40
activity#net.oschina.app.ui.MessageDetail
ADDED from src\main\AndroidManifest.xml:28:3-173
	android:screenOrientation
		ADDED from src\main\AndroidManifest.xml:28:84-120
	android:configChanges
		ADDED from src\main\AndroidManifest.xml:28:121-171
	android:theme
		ADDED from src\main\AndroidManifest.xml:28:46-83
	android:name
		ADDED from src\main\AndroidManifest.xml:28:13-45
activity#net.oschina.app.ui.MessagePub
ADDED from src\main\AndroidManifest.xml:29:3-226
	android:screenOrientation
		ADDED from src\main\AndroidManifest.xml:29:81-117
	android:windowSoftInputMode
		ADDED from src\main\AndroidManifest.xml:29:169-224
	android:configChanges
		ADDED from src\main\AndroidManifest.xml:29:118-168
	android:theme
		ADDED from src\main\AndroidManifest.xml:29:43-80
	android:name
		ADDED from src\main\AndroidManifest.xml:29:13-42
activity#net.oschina.app.ui.MessageForward
ADDED from src\main\AndroidManifest.xml:30:3-230
	android:screenOrientation
		ADDED from src\main\AndroidManifest.xml:30:85-121
	android:windowSoftInputMode
		ADDED from src\main\AndroidManifest.xml:30:173-228
	android:configChanges
		ADDED from src\main\AndroidManifest.xml:30:122-172
	android:theme
		ADDED from src\main\AndroidManifest.xml:30:47-84
	android:name
		ADDED from src\main\AndroidManifest.xml:30:13-46
activity#net.oschina.app.ui.CommentPub
ADDED from src\main\AndroidManifest.xml:31:3-227
	android:screenOrientation
		ADDED from src\main\AndroidManifest.xml:31:82-118
	android:windowSoftInputMode
		ADDED from src\main\AndroidManifest.xml:31:170-225
	android:configChanges
		ADDED from src\main\AndroidManifest.xml:31:119-169
	android:theme
		ADDED from src\main\AndroidManifest.xml:31:43-81
	android:name
		ADDED from src\main\AndroidManifest.xml:31:13-42
activity#net.oschina.app.ui.Setting
ADDED from src\main\AndroidManifest.xml:32:3-201
	android:screenOrientation
		ADDED from src\main\AndroidManifest.xml:32:80-116
	android:launchMode
		ADDED from src\main\AndroidManifest.xml:32:168-199
	android:configChanges
		ADDED from src\main\AndroidManifest.xml:32:117-167
	android:theme
		ADDED from src\main\AndroidManifest.xml:32:40-79
	android:name
		ADDED from src\main\AndroidManifest.xml:32:13-39
activity#net.oschina.app.ui.Search
ADDED from src\main\AndroidManifest.xml:33:3-255
	android:screenOrientation
		ADDED from src\main\AndroidManifest.xml:33:78-114
	android:launchMode
		ADDED from src\main\AndroidManifest.xml:33:166-197
	android:windowSoftInputMode
		ADDED from src\main\AndroidManifest.xml:33:198-253
	android:configChanges
		ADDED from src\main\AndroidManifest.xml:33:115-165
	android:theme
		ADDED from src\main\AndroidManifest.xml:33:39-77
	android:name
		ADDED from src\main\AndroidManifest.xml:33:13-38
activity#net.oschina.app.ui.UserInfo
ADDED from src\main\AndroidManifest.xml:34:3-201
	android:screenOrientation
		ADDED from src\main\AndroidManifest.xml:34:80-116
	android:launchMode
		ADDED from src\main\AndroidManifest.xml:34:168-199
	android:configChanges
		ADDED from src\main\AndroidManifest.xml:34:117-167
	android:theme
		ADDED from src\main\AndroidManifest.xml:34:41-79
	android:name
		ADDED from src\main\AndroidManifest.xml:34:13-40
activity#net.oschina.app.ui.UserCenter
ADDED from src\main\AndroidManifest.xml:35:3-171
	android:screenOrientation
		ADDED from src\main\AndroidManifest.xml:35:82-118
	android:configChanges
		ADDED from src\main\AndroidManifest.xml:35:119-169
	android:theme
		ADDED from src\main\AndroidManifest.xml:35:43-81
	android:name
		ADDED from src\main\AndroidManifest.xml:35:13-42
activity#net.oschina.app.ui.UserFavorite
ADDED from src\main\AndroidManifest.xml:36:3-205
	android:screenOrientation
		ADDED from src\main\AndroidManifest.xml:36:84-120
	android:launchMode
		ADDED from src\main\AndroidManifest.xml:36:172-203
	android:configChanges
		ADDED from src\main\AndroidManifest.xml:36:121-171
	android:theme
		ADDED from src\main\AndroidManifest.xml:36:45-83
	android:name
		ADDED from src\main\AndroidManifest.xml:36:13-44
activity#net.oschina.app.ui.UserFriend
ADDED from src\main\AndroidManifest.xml:37:3-203
	android:screenOrientation
		ADDED from src\main\AndroidManifest.xml:37:82-118
	android:launchMode
		ADDED from src\main\AndroidManifest.xml:37:170-201
	android:configChanges
		ADDED from src\main\AndroidManifest.xml:37:119-169
	android:theme
		ADDED from src\main\AndroidManifest.xml:37:43-81
	android:name
		ADDED from src\main\AndroidManifest.xml:37:13-42
activity#net.oschina.app.ui.ImageDialog
ADDED from src\main\AndroidManifest.xml:38:3-210
	android:screenOrientation
		ADDED from src\main\AndroidManifest.xml:38:89-125
	android:launchMode
		ADDED from src\main\AndroidManifest.xml:38:177-208
	android:configChanges
		ADDED from src\main\AndroidManifest.xml:38:126-176
	android:theme
		ADDED from src\main\AndroidManifest.xml:38:44-88
	android:name
		ADDED from src\main\AndroidManifest.xml:38:13-43
activity#net.oschina.app.ui.ImageZoomDialog
ADDED from src\main\AndroidManifest.xml:39:3-219
	android:screenOrientation
		ADDED from src\main\AndroidManifest.xml:39:98-134
	android:launchMode
		ADDED from src\main\AndroidManifest.xml:39:186-217
	android:configChanges
		ADDED from src\main\AndroidManifest.xml:39:135-185
	android:theme
		ADDED from src\main\AndroidManifest.xml:39:48-97
	android:name
		ADDED from src\main\AndroidManifest.xml:39:13-47
receiver#net.oschina.app.ui.BroadCast
ADDED from src\main\AndroidManifest.xml:40:3-44:20
	android:name
		ADDED from src\main\AndroidManifest.xml:40:13-41
intent-filter#net.oschina.app.action.APPWIDGET_UPDATE
ADDED from src\main\AndroidManifest.xml:41:13-43:29
action#net.oschina.app.action.APPWIDGET_UPDATE
ADDED from src\main\AndroidManifest.xml:42:17-82
	android:name
		ADDED from src\main\AndroidManifest.xml:42:25-79
uses-permission#android.permission.INTERNET
ADDED from src\main\AndroidManifest.xml:47:5-66
	android:name
		ADDED from src\main\AndroidManifest.xml:47:22-64
uses-permission#android.permission.ACCESS_NETWORK_STATE
ADDED from src\main\AndroidManifest.xml:48:5-78
	android:name
		ADDED from src\main\AndroidManifest.xml:48:22-76
uses-permission#android.permission.ACCESS_WIFI_STATE
ADDED from src\main\AndroidManifest.xml:49:5-75
	android:name
		ADDED from src\main\AndroidManifest.xml:49:22-73
uses-permission#android.permission.WRITE_EXTERNAL_STORAGE
ADDED from src\main\AndroidManifest.xml:50:5-80
	android:name
		ADDED from src\main\AndroidManifest.xml:50:22-78
uses-permission#android.permission.SYSTEM_ALERT_WINDOW
ADDED from src\main\AndroidManifest.xml:51:5-78
	android:name
		ADDED from src\main\AndroidManifest.xml:51:22-75
uses-permission#android.permission.RESTART_PACKAGES
ADDED from src\main\AndroidManifest.xml:52:5-75
	android:name
		ADDED from src\main\AndroidManifest.xml:52:22-72